<?xml version="1.0" encoding="UTF-8"?>
<testng-results ignored="0" total="1" passed="1" failed="0" skipped="0">
  <reporter-output>
  </reporter-output>
  <suite started-at="2023-05-09T21:36:27 MSK" name="Surefire suite" finished-at="2023-05-09T21:37:15 MSK" duration-ms="48530">
    <groups>
      <group name="cucumber">
        <method signature="AbstractTestNGCucumberTests.runScenario(io.cucumber.testng.PickleWrapper,io.cucumber.testng.FeatureWrapper)[pri:0, instance:com.cucumber.onliner.runner.CucumberTestRunner@330c1f61]" name="runScenario" class="io.cucumber.testng.AbstractTestNGCucumberTests"/>
      </group> <!-- cucumber -->
    </groups>
    <test started-at="2023-05-09T21:36:27 MSK" name="Surefire test" finished-at="2023-05-09T21:37:15 MSK" duration-ms="48530">
      <class name="com.cucumber.onliner.runner.CucumberTestRunner">
        <test-method is-config="true" signature="setUpClass(org.testng.ITestContext)[pri:0, instance:com.cucumber.onliner.runner.CucumberTestRunner@330c1f61]" started-at="2023-05-09T21:36:27 MSK" name="setUpClass" finished-at="2023-05-09T21:36:30 MSK" duration-ms="3208" status="PASS">
          <params>
            <param index="0">
              <value>
                <![CDATA[org.testng.TestRunner@14590fe2]]>
              </value>
            </param>
          </params>
          <reporter-output>
          </reporter-output>
        </test-method> <!-- setUpClass -->
        <test-method signature="runScenario(io.cucumber.testng.PickleWrapper,io.cucumber.testng.FeatureWrapper)[pri:0, instance:com.cucumber.onliner.runner.CucumberTestRunner@330c1f61]" started-at="2023-05-09T21:36:30 MSK" name="runScenario" description="Runs Cucumber Scenarios" data-provider="scenarios" finished-at="2023-05-09T21:37:14 MSK" duration-ms="43712" status="PASS">
          <params>
            <param index="0">
              <value>
                <![CDATA["Docs sections should contains appropriate columns"]]>
              </value>
            </param>
            <param index="1">
              <value>
                <![CDATA["As a user"]]>
              </value>
            </param>
          </params>
          <reporter-output>
          </reporter-output>
        </test-method> <!-- runScenario -->
        <test-method is-config="true" signature="tearDownClass()[pri:0, instance:com.cucumber.onliner.runner.CucumberTestRunner@330c1f61]" started-at="2023-05-09T21:37:14 MSK" name="tearDownClass" finished-at="2023-05-09T21:37:14 MSK" duration-ms="464" status="PASS">
          <reporter-output>
          </reporter-output>
        </test-method> <!-- tearDownClass -->
      </class> <!-- com.cucumber.onliner.runner.CucumberTestRunner -->
    </test> <!-- Surefire test -->
  </suite> <!-- Surefire suite -->
</testng-results>
